[debug] [2021-11-11T16:52:21.463Z] ----------------------------------------------------------------------
[debug] [2021-11-11T16:52:21.464Z] Command:       /usr/local/bin/node /usr/local/bin/firebase emulators:start
[debug] [2021-11-11T16:52:21.464Z] CLI Version:   8.6.0
[debug] [2021-11-11T16:52:21.464Z] Platform:      darwin
[debug] [2021-11-11T16:52:21.464Z] Node Version:  v12.18.1
[debug] [2021-11-11T16:52:21.465Z] Time:          Thu Nov 11 2021 10:52:21 GMT-0600 (Central Standard Time)
[debug] [2021-11-11T16:52:21.465Z] ----------------------------------------------------------------------
[debug] [2021-11-11T16:52:21.465Z] 
[debug] [2021-11-11T16:52:21.474Z] > command requires scopes: ["email","openid","https://www.googleapis.com/auth/cloudplatformprojects.readonly","https://www.googleapis.com/auth/firebase","https://www.googleapis.com/auth/cloud-platform"]
[debug] [2021-11-11T16:52:21.475Z] > authorizing via signed-in user
[info] i  emulators: Starting emulators: firestore {"metadata":{"emulator":{"name":"hub"},"message":"Starting emulators: firestore"}}
[debug] [2021-11-11T16:52:21.491Z] [hub] writing locator at /var/folders/ls/v37srtt158zdtzbd6k24nn9m0000gn/T/hub-m00nb0t.json
[warn] ⚠  firestore: Cloud Firestore rules file /Users/jah/Desktop/CS50___W/moonbot/frontend/firestore.rules specified in firebase.json does not exist. {"metadata":{"emulator":{"name":"firestore"},"message":"Cloud Firestore rules file \u001b[1m/Users/jah/Desktop/CS50___W/moonbot/frontend/firestore.rules\u001b[22m specified in firebase.json does not exist."}}
[warn] ⚠  firestore: The emulator will default to allowing all reads and writes. Learn more about this option: https://firebase.google.com/docs/emulator-suite/install_and_configure#security_rules_configuration. {"metadata":{"emulator":{"name":"firestore"},"message":"The emulator will default to allowing all reads and writes. Learn more about this option: https://firebase.google.com/docs/emulator-suite/install_and_configure#security_rules_configuration."}}
[debug] [2021-11-11T16:52:21.516Z] Ignoring unsupported arg: projectId {"metadata":{"emulator":{"name":"firestore"},"message":"Ignoring unsupported arg: projectId"}}
[debug] [2021-11-11T16:52:21.517Z] Ignoring unsupported arg: auto_download {"metadata":{"emulator":{"name":"firestore"},"message":"Ignoring unsupported arg: auto_download"}}
[debug] [2021-11-11T16:52:21.517Z] Starting Firestore Emulator with command {"binary":"java","args":["-Duser.language=en","-jar","/Users/jah/.cache/firebase/emulators/cloud-firestore-emulator-v1.11.5.jar","--host","localhost","--port",8090],"optionalArgs":["port","webchannel_port","host","rules","functions_emulator","seed_from_export"],"joinArgs":false} {"metadata":{"emulator":{"name":"firestore"},"message":"Starting Firestore Emulator with command {\"binary\":\"java\",\"args\":[\"-Duser.language=en\",\"-jar\",\"/Users/jah/.cache/firebase/emulators/cloud-firestore-emulator-v1.11.5.jar\",\"--host\",\"localhost\",\"--port\",8090],\"optionalArgs\":[\"port\",\"webchannel_port\",\"host\",\"rules\",\"functions_emulator\",\"seed_from_export\"],\"joinArgs\":false}"}}
[info] i  firestore: Firestore Emulator logging to firestore-debug.log {"metadata":{"emulator":{"name":"firestore"},"message":"Firestore Emulator logging to \u001b[1mfirestore-debug.log\u001b[22m"}}
[debug] [2021-11-11T16:52:22.920Z] API endpoint: http:// {"metadata":{"emulator":{"name":"firestore"},"message":"API endpoint: http://"}}
[debug] [2021-11-11T16:52:22.920Z] localhost:8090
If you are using a library that supports the FIRESTORE_EMULATOR_HOST environment variable, run:

   export FIRESTORE_EMULATOR_HOST=localhost:8090

Dev App Server is now running.

 {"metadata":{"emulator":{"name":"firestore"},"message":"localhost:8090\nIf you are using a library that supports the FIRESTORE_EMULATOR_HOST environment variable, run:\n\n   export FIRESTORE_EMULATOR_HOST=localhost:8090\n\nDev App Server is now running.\n\n"}}
[debug] [2021-11-11T16:52:23.073Z] Ignoring unsupported arg: auto_download {"metadata":{"emulator":{"name":"ui"},"message":"Ignoring unsupported arg: auto_download"}}
[debug] [2021-11-11T16:52:23.074Z] Ignoring unsupported arg: port {"metadata":{"emulator":{"name":"ui"},"message":"Ignoring unsupported arg: port"}}
[debug] [2021-11-11T16:52:23.074Z] Starting Emulator UI with command {"binary":"node","args":["/Users/jah/.cache/firebase/emulators/ui-v1.1.1/server.bundle.js"],"optionalArgs":[],"joinArgs":false} {"metadata":{"emulator":{"name":"ui"},"message":"Starting Emulator UI with command {\"binary\":\"node\",\"args\":[\"/Users/jah/.cache/firebase/emulators/ui-v1.1.1/server.bundle.js\"],\"optionalArgs\":[],\"joinArgs\":false}"}}
[info] i  ui: Emulator UI logging to ui-debug.log {"metadata":{"emulator":{"name":"ui"},"message":"Emulator UI logging to \u001b[1mui-debug.log\u001b[22m"}}
[debug] [2021-11-11T16:52:23.174Z] Web / API server started at http://localhost:4000
 {"metadata":{"emulator":{"name":"ui"},"message":"Web / API server started at http://localhost:4000\n"}}
[info] 
┌───────────────────────────────────────────────────────────────────────┐
│ ✔  All emulators ready! View status and logs at http://localhost:4000 │
└───────────────────────────────────────────────────────────────────────┘

┌───────────┬────────────────┬─────────────────────────────────┐
│ Emulator  │ Host:Port      │ View in Emulator UI             │
├───────────┼────────────────┼─────────────────────────────────┤
│ Firestore │ localhost:8090 │ http://localhost:4000/firestore │
└───────────┴────────────────┴─────────────────────────────────┘
  Other reserved ports: 4400, 4500

Issues? Report them at https://github.com/firebase/firebase-tools/issues and attach the *-debug.log files.
 
[debug] [2021-11-11T16:52:36.587Z] Nov 11, 2021 10:52:36 AM io.gapi.emulators.netty.HttpVersionRoutingHandler channelRead
INFO: Detected non-HTTP/2 connection.
 {"metadata":{"emulator":{"name":"firestore"},"message":"Nov 11, 2021 10:52:36 AM io.gapi.emulators.netty.HttpVersionRoutingHandler channelRead\nINFO: Detected non-HTTP/2 connection.\n"}}
[debug] [2021-11-11T16:52:36.820Z] Nov 11, 2021 10:52:36 AM io.gapi.emulators.netty.HttpVersionRoutingHandler channelRead
INFO: Detected HTTP/2 connection.
 {"metadata":{"emulator":{"name":"firestore"},"message":"Nov 11, 2021 10:52:36 AM io.gapi.emulators.netty.HttpVersionRoutingHandler channelRead\nINFO: Detected HTTP/2 connection.\n"}}
[debug] [2021-11-11T16:52:46.197Z] Nov 11, 2021 10:52:46 AM io.gapi.emulators.netty.HttpVersionRoutingHandler channelRead
INFO: Detected non-HTTP/2 connection.
 {"metadata":{"emulator":{"name":"firestore"},"message":"Nov 11, 2021 10:52:46 AM io.gapi.emulators.netty.HttpVersionRoutingHandler channelRead\nINFO: Detected non-HTTP/2 connection.\n"}}
[debug] [2021-11-11T16:52:46.337Z] Nov 11, 2021 10:52:46 AM io.gapi.emulators.netty.HttpVersionRoutingHandler channelRead
INFO: Detected non-HTTP/2 connection.
 {"metadata":{"emulator":{"name":"firestore"},"message":"Nov 11, 2021 10:52:46 AM io.gapi.emulators.netty.HttpVersionRoutingHandler channelRead\nINFO: Detected non-HTTP/2 connection.\n"}}
[debug] [2021-11-11T16:52:46.361Z] Nov 11, 2021 10:52:46 AM io.gapi.emulators.netty.HttpVersionRoutingHandler channelRead
INFO: Detected non-HTTP/2 connection.
 {"metadata":{"emulator":{"name":"firestore"},"message":"Nov 11, 2021 10:52:46 AM io.gapi.emulators.netty.HttpVersionRoutingHandler channelRead\nINFO: Detected non-HTTP/2 connection.\n"}}
[debug] [2021-11-11T16:52:46.540Z] Nov 11, 2021 10:52:46 AM io.gapi.emulators.netty.HttpVersionRoutingHandler channelRead
INFO: Detected non-HTTP/2 connection.
 {"metadata":{"emulator":{"name":"firestore"},"message":"Nov 11, 2021 10:52:46 AM io.gapi.emulators.netty.HttpVersionRoutingHandler channelRead\nINFO: Detected non-HTTP/2 connection.\n"}}
[debug] [2021-11-11T16:52:46.659Z] Nov 11, 2021 10:52:46 AM io.gapi.emulators.netty.HttpVersionRoutingHandler channelRead
INFO: Detected non-HTTP/2 connection.
 {"metadata":{"emulator":{"name":"firestore"},"message":"Nov 11, 2021 10:52:46 AM io.gapi.emulators.netty.HttpVersionRoutingHandler channelRead\nINFO: Detected non-HTTP/2 connection.\n"}}
[debug] [2021-11-11T16:52:46.712Z] Nov 11, 2021 10:52:46 AM io.gapi.emulators.netty.HttpVersionRoutingHandler channelRead
INFO: Detected non-HTTP/2 connection.
 {"metadata":{"emulator":{"name":"firestore"},"message":"Nov 11, 2021 10:52:46 AM io.gapi.emulators.netty.HttpVersionRoutingHandler channelRead\nINFO: Detected non-HTTP/2 connection.\n"}}
[debug] [2021-11-11T16:53:46.547Z] Nov 11, 2021 10:53:46 AM io.gapi.emulators.netty.HttpVersionRoutingHandler channelRead
INFO: Detected non-HTTP/2 connection.
 {"metadata":{"emulator":{"name":"firestore"},"message":"Nov 11, 2021 10:53:46 AM io.gapi.emulators.netty.HttpVersionRoutingHandler channelRead\nINFO: Detected non-HTTP/2 connection.\n"}}
[debug] [2021-11-11T16:53:46.795Z] Nov 11, 2021 10:53:46 AM io.gapi.emulators.netty.HttpVersionRoutingHandler channelRead
INFO: Detected non-HTTP/2 connection.
 {"metadata":{"emulator":{"name":"firestore"},"message":"Nov 11, 2021 10:53:46 AM io.gapi.emulators.netty.HttpVersionRoutingHandler channelRead\nINFO: Detected non-HTTP/2 connection.\n"}}
[debug] [2021-11-11T16:53:46.907Z] Nov 11, 2021 10:53:46 AM io.gapi.emulators.netty.HttpVersionRoutingHandler channelRead
INFO: Detected non-HTTP/2 connection.
 {"metadata":{"emulator":{"name":"firestore"},"message":"Nov 11, 2021 10:53:46 AM io.gapi.emulators.netty.HttpVersionRoutingHandler channelRead\nINFO: Detected non-HTTP/2 connection.\n"}}
[debug] [2021-11-11T16:53:46.922Z] Nov 11, 2021 10:53:46 AM com.google.cloud.datastore.emulator.firestore.webchannel.FirestoreV1WebChannelAdapter$FirestoreWriteHandler onClose
INFO: channel closed
 {"metadata":{"emulator":{"name":"firestore"},"message":"Nov 11, 2021 10:53:46 AM com.google.cloud.datastore.emulator.firestore.webchannel.FirestoreV1WebChannelAdapter$FirestoreWriteHandler onClose\nINFO: channel closed\n"}}
[debug] [2021-11-11T16:54:46.860Z] Nov 11, 2021 10:54:46 AM io.gapi.emulators.netty.HttpVersionRoutingHandler channelRead
INFO: Detected non-HTTP/2 connection.
 {"metadata":{"emulator":{"name":"firestore"},"message":"Nov 11, 2021 10:54:46 AM io.gapi.emulators.netty.HttpVersionRoutingHandler channelRead\nINFO: Detected non-HTTP/2 connection.\n"}}
[debug] [2021-11-11T16:55:46.928Z] Nov 11, 2021 10:55:46 AM io.gapi.emulators.netty.HttpVersionRoutingHandler channelRead
INFO: Detected non-HTTP/2 connection.
 {"metadata":{"emulator":{"name":"firestore"},"message":"Nov 11, 2021 10:55:46 AM io.gapi.emulators.netty.HttpVersionRoutingHandler channelRead\nINFO: Detected non-HTTP/2 connection.\n"}}
[debug] [2021-11-11T16:56:32.807Z] Nov 11, 2021 10:56:32 AM io.gapi.emulators.netty.HttpVersionRoutingHandler channelRead
INFO: Detected non-HTTP/2 connection.
 {"metadata":{"emulator":{"name":"firestore"},"message":"Nov 11, 2021 10:56:32 AM io.gapi.emulators.netty.HttpVersionRoutingHandler channelRead\nINFO: Detected non-HTTP/2 connection.\n"}}
[debug] [2021-11-11T16:56:32.879Z] Nov 11, 2021 10:56:32 AM io.gapi.emulators.netty.HttpVersionRoutingHandler channelRead
INFO: Detected non-HTTP/2 connection.
 {"metadata":{"emulator":{"name":"firestore"},"message":"Nov 11, 2021 10:56:32 AM io.gapi.emulators.netty.HttpVersionRoutingHandler channelRead\nINFO: Detected non-HTTP/2 connection.\n"}}
[debug] [2021-11-11T16:56:32.915Z] Nov 11, 2021 10:56:32 AM io.gapi.emulators.netty.HttpVersionRoutingHandler channelRead
INFO: Detected non-HTTP/2 connection.
 {"metadata":{"emulator":{"name":"firestore"},"message":"Nov 11, 2021 10:56:32 AM io.gapi.emulators.netty.HttpVersionRoutingHandler channelRead\nINFO: Detected non-HTTP/2 connection.\n"}}
[debug] [2021-11-11T16:56:36.367Z] Nov 11, 2021 10:56:36 AM io.gapi.emulators.netty.HttpVersionRoutingHandler channelRead
INFO: Detected non-HTTP/2 connection.
 {"metadata":{"emulator":{"name":"firestore"},"message":"Nov 11, 2021 10:56:36 AM io.gapi.emulators.netty.HttpVersionRoutingHandler channelRead\nINFO: Detected non-HTTP/2 connection.\n"}}
[debug] [2021-11-11T16:56:36.430Z] Nov 11, 2021 10:56:36 AM io.gapi.emulators.netty.HttpVersionRoutingHandler channelRead
INFO: Detected non-HTTP/2 connection.
 {"metadata":{"emulator":{"name":"firestore"},"message":"Nov 11, 2021 10:56:36 AM io.gapi.emulators.netty.HttpVersionRoutingHandler channelRead\nINFO: Detected non-HTTP/2 connection.\n"}}
[debug] [2021-11-11T16:56:38.110Z] Nov 11, 2021 10:56:38 AM io.gapi.emulators.netty.HttpVersionRoutingHandler channelRead
INFO: Detected non-HTTP/2 connection.
 {"metadata":{"emulator":{"name":"firestore"},"message":"Nov 11, 2021 10:56:38 AM io.gapi.emulators.netty.HttpVersionRoutingHandler channelRead\nINFO: Detected non-HTTP/2 connection.\n"}}
[debug] [2021-11-11T16:56:38.143Z] Nov 11, 2021 10:56:38 AM io.gapi.emulators.netty.HttpVersionRoutingHandler channelRead
INFO: Detected non-HTTP/2 connection.
 {"metadata":{"emulator":{"name":"firestore"},"message":"Nov 11, 2021 10:56:38 AM io.gapi.emulators.netty.HttpVersionRoutingHandler channelRead\nINFO: Detected non-HTTP/2 connection.\n"}}
[debug] [2021-11-11T16:57:38.181Z] Nov 11, 2021 10:57:38 AM io.gapi.emulators.netty.HttpVersionRoutingHandler channelRead
INFO: Detected non-HTTP/2 connection.
 {"metadata":{"emulator":{"name":"firestore"},"message":"Nov 11, 2021 10:57:38 AM io.gapi.emulators.netty.HttpVersionRoutingHandler channelRead\nINFO: Detected non-HTTP/2 connection.\n"}}
[debug] [2021-11-11T16:58:38.229Z] Nov 11, 2021 10:58:38 AM io.gapi.emulators.netty.HttpVersionRoutingHandler channelRead
INFO: Detected non-HTTP/2 connection.
 {"metadata":{"emulator":{"name":"firestore"},"message":"Nov 11, 2021 10:58:38 AM io.gapi.emulators.netty.HttpVersionRoutingHandler channelRead\nINFO: Detected non-HTTP/2 connection.\n"}}
[debug] [2021-11-11T16:59:38.261Z] Nov 11, 2021 10:59:38 AM io.gapi.emulators.netty.HttpVersionRoutingHandler channelRead
INFO: Detected non-HTTP/2 connection.
 {"metadata":{"emulator":{"name":"firestore"},"message":"Nov 11, 2021 10:59:38 AM io.gapi.emulators.netty.HttpVersionRoutingHandler channelRead\nINFO: Detected non-HTTP/2 connection.\n"}}
[debug] [2021-11-11T17:00:38.300Z] Nov 11, 2021 11:00:38 AM io.gapi.emulators.netty.HttpVersionRoutingHandler channelRead
INFO: Detected non-HTTP/2 connection.
 {"metadata":{"emulator":{"name":"firestore"},"message":"Nov 11, 2021 11:00:38 AM io.gapi.emulators.netty.HttpVersionRoutingHandler channelRead\nINFO: Detected non-HTTP/2 connection.\n"}}
[debug] [2021-11-11T17:01:31.708Z] Nov 11, 2021 11:01:31 AM io.gapi.emulators.netty.HttpVersionRoutingHandler channelRead
INFO: Detected non-HTTP/2 connection.
 {"metadata":{"emulator":{"name":"firestore"},"message":"Nov 11, 2021 11:01:31 AM io.gapi.emulators.netty.HttpVersionRoutingHandler channelRead\nINFO: Detected non-HTTP/2 connection.\n"}}
[debug] [2021-11-11T17:01:31.720Z] Nov 11, 2021 11:01:31 AM com.google.net.webchannel.server.common.CorsFilter populateCustomHeaders
WARNING: Invalid $httpHeaders: X-Goog-Api-Client:gl-js/ fire/9.4.0
Content-Type:text/plain
X-Firebase-GMPID:1:230595623133:web:eb49f4847655c3364cc334

 {"metadata":{"emulator":{"name":"firestore"},"message":"Nov 11, 2021 11:01:31 AM com.google.net.webchannel.server.common.CorsFilter populateCustomHeaders\nWARNING: Invalid $httpHeaders: X-Goog-Api-Client:gl-js/ fire/9.4.0\r\nContent-Type:text/plain\r\nX-Firebase-GMPID:1:230595623133:web:eb49f4847655c3364cc334\r\n\n"}}
[debug] [2021-11-11T17:01:31.748Z] Nov 11, 2021 11:01:31 AM io.gapi.emulators.netty.HttpVersionRoutingHandler channelRead
INFO: Detected non-HTTP/2 connection.
 {"metadata":{"emulator":{"name":"firestore"},"message":"Nov 11, 2021 11:01:31 AM io.gapi.emulators.netty.HttpVersionRoutingHandler channelRead\nINFO: Detected non-HTTP/2 connection.\n"}}
[debug] [2021-11-11T17:01:31.760Z] Nov 11, 2021 11:01:31 AM io.gapi.emulators.netty.HttpVersionRoutingHandler channelRead
INFO: Detected non-HTTP/2 connection.
 {"metadata":{"emulator":{"name":"firestore"},"message":"Nov 11, 2021 11:01:31 AM io.gapi.emulators.netty.HttpVersionRoutingHandler channelRead\nINFO: Detected non-HTTP/2 connection.\n"}}
[debug] [2021-11-11T17:01:32.579Z] Nov 11, 2021 11:01:32 AM io.gapi.emulators.netty.HttpVersionRoutingHandler channelRead
INFO: Detected non-HTTP/2 connection.
 {"metadata":{"emulator":{"name":"firestore"},"message":"Nov 11, 2021 11:01:32 AM io.gapi.emulators.netty.HttpVersionRoutingHandler channelRead\nINFO: Detected non-HTTP/2 connection.\n"}}
[debug] [2021-11-11T17:01:32.604Z] Nov 11, 2021 11:01:32 AM com.google.net.webchannel.server.common.CorsFilter populateCustomHeaders
WARNING: Invalid $httpHeaders: X-Goog-Api-Client:gl-js/ fire/9.4.0
Content-Type:text/plain
X-Firebase-GMPID:1:230595623133:web:eb49f4847655c3364cc334

 {"metadata":{"emulator":{"name":"firestore"},"message":"Nov 11, 2021 11:01:32 AM com.google.net.webchannel.server.common.CorsFilter populateCustomHeaders\nWARNING: Invalid $httpHeaders: X-Goog-Api-Client:gl-js/ fire/9.4.0\r\nContent-Type:text/plain\r\nX-Firebase-GMPID:1:230595623133:web:eb49f4847655c3364cc334\r\n\n"}}
[debug] [2021-11-11T17:01:32.635Z] Nov 11, 2021 11:01:32 AM io.gapi.emulators.netty.HttpVersionRoutingHandler channelRead
INFO: Detected non-HTTP/2 connection.
 {"metadata":{"emulator":{"name":"firestore"},"message":"Nov 11, 2021 11:01:32 AM io.gapi.emulators.netty.HttpVersionRoutingHandler channelRead\nINFO: Detected non-HTTP/2 connection.\n"}}
[debug] [2021-11-11T17:01:32.650Z] Nov 11, 2021 11:01:32 AM io.gapi.emulators.netty.HttpVersionRoutingHandler channelRead
INFO: Detected non-HTTP/2 connection.
 {"metadata":{"emulator":{"name":"firestore"},"message":"Nov 11, 2021 11:01:32 AM io.gapi.emulators.netty.HttpVersionRoutingHandler channelRead\nINFO: Detected non-HTTP/2 connection.\n"}}
[debug] [2021-11-11T17:01:38.353Z] Nov 11, 2021 11:01:38 AM io.gapi.emulators.netty.HttpVersionRoutingHandler channelRead
INFO: Detected non-HTTP/2 connection.
 {"metadata":{"emulator":{"name":"firestore"},"message":"Nov 11, 2021 11:01:38 AM io.gapi.emulators.netty.HttpVersionRoutingHandler channelRead\nINFO: Detected non-HTTP/2 connection.\n"}}
[debug] [2021-11-11T17:02:25.086Z] Nov 11, 2021 11:02:25 AM io.gapi.emulators.netty.HttpVersionRoutingHandler channelRead
INFO: Detected non-HTTP/2 connection.
 {"metadata":{"emulator":{"name":"firestore"},"message":"Nov 11, 2021 11:02:25 AM io.gapi.emulators.netty.HttpVersionRoutingHandler channelRead\nINFO: Detected non-HTTP/2 connection.\n"}}
[debug] [2021-11-11T17:02:25.105Z] Nov 11, 2021 11:02:25 AM com.google.net.webchannel.server.common.CorsFilter populateCustomHeaders
WARNING: Invalid $httpHeaders: X-Goog-Api-Client:gl-js/ fire/9.4.0
Content-Type:text/plain
X-Firebase-GMPID:1:230595623133:web:eb49f4847655c3364cc334

 {"metadata":{"emulator":{"name":"firestore"},"message":"Nov 11, 2021 11:02:25 AM com.google.net.webchannel.server.common.CorsFilter populateCustomHeaders\nWARNING: Invalid $httpHeaders: X-Goog-Api-Client:gl-js/ fire/9.4.0\r\nContent-Type:text/plain\r\nX-Firebase-GMPID:1:230595623133:web:eb49f4847655c3364cc334\r\n\n"}}
[debug] [2021-11-11T17:02:25.134Z] Nov 11, 2021 11:02:25 AM io.gapi.emulators.netty.HttpVersionRoutingHandler channelRead
INFO: Detected non-HTTP/2 connection.
 {"metadata":{"emulator":{"name":"firestore"},"message":"Nov 11, 2021 11:02:25 AM io.gapi.emulators.netty.HttpVersionRoutingHandler channelRead\nINFO: Detected non-HTTP/2 connection.\n"}}
[debug] [2021-11-11T17:02:25.155Z] Nov 11, 2021 11:02:25 AM io.gapi.emulators.netty.HttpVersionRoutingHandler channelRead
INFO: Detected non-HTTP/2 connection.
 {"metadata":{"emulator":{"name":"firestore"},"message":"Nov 11, 2021 11:02:25 AM io.gapi.emulators.netty.HttpVersionRoutingHandler channelRead\nINFO: Detected non-HTTP/2 connection.\n"}}
[debug] [2021-11-11T17:02:38.396Z] Nov 11, 2021 11:02:38 AM io.gapi.emulators.netty.HttpVersionRoutingHandler channelRead
INFO: Detected non-HTTP/2 connection.
 {"metadata":{"emulator":{"name":"firestore"},"message":"Nov 11, 2021 11:02:38 AM io.gapi.emulators.netty.HttpVersionRoutingHandler channelRead\nINFO: Detected non-HTTP/2 connection.\n"}}
[debug] [2021-11-11T17:03:21.650Z] Nov 11, 2021 11:03:21 AM io.gapi.emulators.netty.HttpVersionRoutingHandler channelRead
INFO: Detected non-HTTP/2 connection.
 {"metadata":{"emulator":{"name":"firestore"},"message":"Nov 11, 2021 11:03:21 AM io.gapi.emulators.netty.HttpVersionRoutingHandler channelRead\nINFO: Detected non-HTTP/2 connection.\n"}}
[debug] [2021-11-11T17:03:21.663Z] Nov 11, 2021 11:03:21 AM com.google.net.webchannel.server.common.CorsFilter populateCustomHeaders
WARNING: Invalid $httpHeaders: X-Goog-Api-Client:gl-js/ fire/9.4.0
Content-Type:text/plain
X-Firebase-GMPID:1:230595623133:web:eb49f4847655c3364cc334

 {"metadata":{"emulator":{"name":"firestore"},"message":"Nov 11, 2021 11:03:21 AM com.google.net.webchannel.server.common.CorsFilter populateCustomHeaders\nWARNING: Invalid $httpHeaders: X-Goog-Api-Client:gl-js/ fire/9.4.0\r\nContent-Type:text/plain\r\nX-Firebase-GMPID:1:230595623133:web:eb49f4847655c3364cc334\r\n\n"}}
[debug] [2021-11-11T17:03:21.711Z] Nov 11, 2021 11:03:21 AM io.gapi.emulators.netty.HttpVersionRoutingHandler channelRead
INFO: Detected non-HTTP/2 connection.
 {"metadata":{"emulator":{"name":"firestore"},"message":"Nov 11, 2021 11:03:21 AM io.gapi.emulators.netty.HttpVersionRoutingHandler channelRead\nINFO: Detected non-HTTP/2 connection.\n"}}
[debug] [2021-11-11T17:03:21.870Z] Nov 11, 2021 11:03:21 AM io.gapi.emulators.netty.HttpVersionRoutingHandler channelRead
INFO: Detected non-HTTP/2 connection.
 {"metadata":{"emulator":{"name":"firestore"},"message":"Nov 11, 2021 11:03:21 AM io.gapi.emulators.netty.HttpVersionRoutingHandler channelRead\nINFO: Detected non-HTTP/2 connection.\n"}}
[debug] [2021-11-11T17:03:27.356Z] Nov 11, 2021 11:03:27 AM io.gapi.emulators.netty.HttpVersionRoutingHandler channelRead
INFO: Detected non-HTTP/2 connection.
 {"metadata":{"emulator":{"name":"firestore"},"message":"Nov 11, 2021 11:03:27 AM io.gapi.emulators.netty.HttpVersionRoutingHandler channelRead\nINFO: Detected non-HTTP/2 connection.\n"}}
[debug] [2021-11-11T17:03:27.385Z] Nov 11, 2021 11:03:27 AM com.google.net.webchannel.server.common.CorsFilter populateCustomHeaders
WARNING: Invalid $httpHeaders: X-Goog-Api-Client:gl-js/ fire/9.4.0
Content-Type:text/plain
X-Firebase-GMPID:1:230595623133:web:eb49f4847655c3364cc334

 {"metadata":{"emulator":{"name":"firestore"},"message":"Nov 11, 2021 11:03:27 AM com.google.net.webchannel.server.common.CorsFilter populateCustomHeaders\nWARNING: Invalid $httpHeaders: X-Goog-Api-Client:gl-js/ fire/9.4.0\r\nContent-Type:text/plain\r\nX-Firebase-GMPID:1:230595623133:web:eb49f4847655c3364cc334\r\n\n"}}
[debug] [2021-11-11T17:03:27.405Z] Nov 11, 2021 11:03:27 AM io.gapi.emulators.netty.HttpVersionRoutingHandler channelRead
INFO: Detected non-HTTP/2 connection.
 {"metadata":{"emulator":{"name":"firestore"},"message":"Nov 11, 2021 11:03:27 AM io.gapi.emulators.netty.HttpVersionRoutingHandler channelRead\nINFO: Detected non-HTTP/2 connection.\n"}}
[debug] [2021-11-11T17:03:27.421Z] Nov 11, 2021 11:03:27 AM io.gapi.emulators.netty.HttpVersionRoutingHandler channelRead
INFO: Detected non-HTTP/2 connection.
 {"metadata":{"emulator":{"name":"firestore"},"message":"Nov 11, 2021 11:03:27 AM io.gapi.emulators.netty.HttpVersionRoutingHandler channelRead\nINFO: Detected non-HTTP/2 connection.\n"}}
[debug] [2021-11-11T17:03:38.434Z] Nov 11, 2021 11:03:38 AM io.gapi.emulators.netty.HttpVersionRoutingHandler channelRead
INFO: Detected non-HTTP/2 connection.
 {"metadata":{"emulator":{"name":"firestore"},"message":"Nov 11, 2021 11:03:38 AM io.gapi.emulators.netty.HttpVersionRoutingHandler channelRead\nINFO: Detected non-HTTP/2 connection.\n"}}
[debug] [2021-11-11T17:04:38.469Z] Nov 11, 2021 11:04:38 AM io.gapi.emulators.netty.HttpVersionRoutingHandler channelRead
INFO: Detected non-HTTP/2 connection.
 {"metadata":{"emulator":{"name":"firestore"},"message":"Nov 11, 2021 11:04:38 AM io.gapi.emulators.netty.HttpVersionRoutingHandler channelRead\nINFO: Detected non-HTTP/2 connection.\n"}}
[debug] [2021-11-11T17:04:58.052Z] Nov 11, 2021 11:04:58 AM io.gapi.emulators.netty.HttpVersionRoutingHandler channelRead
INFO: Detected non-HTTP/2 connection.
 {"metadata":{"emulator":{"name":"firestore"},"message":"Nov 11, 2021 11:04:58 AM io.gapi.emulators.netty.HttpVersionRoutingHandler channelRead\nINFO: Detected non-HTTP/2 connection.\n"}}
[debug] [2021-11-11T17:04:58.078Z] Nov 11, 2021 11:04:58 AM com.google.net.webchannel.server.common.CorsFilter populateCustomHeaders
WARNING: Invalid $httpHeaders: X-Goog-Api-Client:gl-js/ fire/9.4.0
Content-Type:text/plain
X-Firebase-GMPID:1:230595623133:web:eb49f4847655c3364cc334

 {"metadata":{"emulator":{"name":"firestore"},"message":"Nov 11, 2021 11:04:58 AM com.google.net.webchannel.server.common.CorsFilter populateCustomHeaders\nWARNING: Invalid $httpHeaders: X-Goog-Api-Client:gl-js/ fire/9.4.0\r\nContent-Type:text/plain\r\nX-Firebase-GMPID:1:230595623133:web:eb49f4847655c3364cc334\r\n\n"}}
[debug] [2021-11-11T17:04:58.103Z] Nov 11, 2021 11:04:58 AM io.gapi.emulators.netty.HttpVersionRoutingHandler channelRead
INFO: Detected non-HTTP/2 connection.
 {"metadata":{"emulator":{"name":"firestore"},"message":"Nov 11, 2021 11:04:58 AM io.gapi.emulators.netty.HttpVersionRoutingHandler channelRead\nINFO: Detected non-HTTP/2 connection.\n"}}
[debug] [2021-11-11T17:04:58.118Z] Nov 11, 2021 11:04:58 AM io.gapi.emulators.netty.HttpVersionRoutingHandler channelRead
INFO: Detected non-HTTP/2 connection.
 {"metadata":{"emulator":{"name":"firestore"},"message":"Nov 11, 2021 11:04:58 AM io.gapi.emulators.netty.HttpVersionRoutingHandler channelRead\nINFO: Detected non-HTTP/2 connection.\n"}}
[debug] [2021-11-11T17:05:00.192Z] Nov 11, 2021 11:05:00 AM io.gapi.emulators.netty.HttpVersionRoutingHandler channelRead
INFO: Detected non-HTTP/2 connection.
 {"metadata":{"emulator":{"name":"firestore"},"message":"Nov 11, 2021 11:05:00 AM io.gapi.emulators.netty.HttpVersionRoutingHandler channelRead\nINFO: Detected non-HTTP/2 connection.\n"}}
[debug] [2021-11-11T17:05:00.216Z] Nov 11, 2021 11:05:00 AM com.google.net.webchannel.server.common.CorsFilter populateCustomHeaders
WARNING: Invalid $httpHeaders: X-Goog-Api-Client:gl-js/ fire/9.4.0
Content-Type:text/plain
X-Firebase-GMPID:1:230595623133:web:eb49f4847655c3364cc334

 {"metadata":{"emulator":{"name":"firestore"},"message":"Nov 11, 2021 11:05:00 AM com.google.net.webchannel.server.common.CorsFilter populateCustomHeaders\nWARNING: Invalid $httpHeaders: X-Goog-Api-Client:gl-js/ fire/9.4.0\r\nContent-Type:text/plain\r\nX-Firebase-GMPID:1:230595623133:web:eb49f4847655c3364cc334\r\n\n"}}
[debug] [2021-11-11T17:05:00.231Z] Nov 11, 2021 11:05:00 AM io.gapi.emulators.netty.HttpVersionRoutingHandler channelRead
INFO: Detected non-HTTP/2 connection.
 {"metadata":{"emulator":{"name":"firestore"},"message":"Nov 11, 2021 11:05:00 AM io.gapi.emulators.netty.HttpVersionRoutingHandler channelRead\nINFO: Detected non-HTTP/2 connection.\n"}}
[debug] [2021-11-11T17:05:00.256Z] Nov 11, 2021 11:05:00 AM io.gapi.emulators.netty.HttpVersionRoutingHandler channelRead
INFO: Detected non-HTTP/2 connection.
 {"metadata":{"emulator":{"name":"firestore"},"message":"Nov 11, 2021 11:05:00 AM io.gapi.emulators.netty.HttpVersionRoutingHandler channelRead\nINFO: Detected non-HTTP/2 connection.\n"}}
[debug] [2021-11-11T17:05:38.525Z] Nov 11, 2021 11:05:38 AM io.gapi.emulators.netty.HttpVersionRoutingHandler channelRead
INFO: Detected non-HTTP/2 connection.
 {"metadata":{"emulator":{"name":"firestore"},"message":"Nov 11, 2021 11:05:38 AM io.gapi.emulators.netty.HttpVersionRoutingHandler channelRead\nINFO: Detected non-HTTP/2 connection.\n"}}
[debug] [2021-11-11T17:06:26.867Z] Nov 11, 2021 11:06:26 AM io.gapi.emulators.netty.HttpVersionRoutingHandler channelRead
INFO: Detected non-HTTP/2 connection.
 {"metadata":{"emulator":{"name":"firestore"},"message":"Nov 11, 2021 11:06:26 AM io.gapi.emulators.netty.HttpVersionRoutingHandler channelRead\nINFO: Detected non-HTTP/2 connection.\n"}}
[debug] [2021-11-11T17:06:26.876Z] Nov 11, 2021 11:06:26 AM com.google.net.webchannel.server.common.CorsFilter populateCustomHeaders
WARNING: Invalid $httpHeaders: X-Goog-Api-Client:gl-js/ fire/9.4.0
Content-Type:text/plain
X-Firebase-GMPID:1:230595623133:web:eb49f4847655c3364cc334

 {"metadata":{"emulator":{"name":"firestore"},"message":"Nov 11, 2021 11:06:26 AM com.google.net.webchannel.server.common.CorsFilter populateCustomHeaders\nWARNING: Invalid $httpHeaders: X-Goog-Api-Client:gl-js/ fire/9.4.0\r\nContent-Type:text/plain\r\nX-Firebase-GMPID:1:230595623133:web:eb49f4847655c3364cc334\r\n\n"}}
[debug] [2021-11-11T17:06:26.886Z] Nov 11, 2021 11:06:26 AM io.gapi.emulators.netty.HttpVersionRoutingHandler channelRead
INFO: Detected non-HTTP/2 connection.
 {"metadata":{"emulator":{"name":"firestore"},"message":"Nov 11, 2021 11:06:26 AM io.gapi.emulators.netty.HttpVersionRoutingHandler channelRead\nINFO: Detected non-HTTP/2 connection.\n"}}
[debug] [2021-11-11T17:06:26.898Z] Nov 11, 2021 11:06:26 AM io.gapi.emulators.netty.HttpVersionRoutingHandler channelRead
INFO: Detected non-HTTP/2 connection.
 {"metadata":{"emulator":{"name":"firestore"},"message":"Nov 11, 2021 11:06:26 AM io.gapi.emulators.netty.HttpVersionRoutingHandler channelRead\nINFO: Detected non-HTTP/2 connection.\n"}}
[debug] [2021-11-11T17:06:31.440Z] Nov 11, 2021 11:06:31 AM io.gapi.emulators.netty.HttpVersionRoutingHandler channelRead
INFO: Detected non-HTTP/2 connection.
 {"metadata":{"emulator":{"name":"firestore"},"message":"Nov 11, 2021 11:06:31 AM io.gapi.emulators.netty.HttpVersionRoutingHandler channelRead\nINFO: Detected non-HTTP/2 connection.\n"}}
[debug] [2021-11-11T17:06:31.443Z] Nov 11, 2021 11:06:31 AM io.gapi.emulators.netty.HttpVersionRoutingHandler channelRead
INFO: Detected non-HTTP/2 connection.
 {"metadata":{"emulator":{"name":"firestore"},"message":"Nov 11, 2021 11:06:31 AM io.gapi.emulators.netty.HttpVersionRoutingHandler channelRead\nINFO: Detected non-HTTP/2 connection.\n"}}
[debug] [2021-11-11T17:06:31.457Z] Nov 11, 2021 11:06:31 AM io.gapi.emulators.netty.HttpVersionRoutingHandler channelRead
INFO: Detected non-HTTP/2 connection.
 {"metadata":{"emulator":{"name":"firestore"},"message":"Nov 11, 2021 11:06:31 AM io.gapi.emulators.netty.HttpVersionRoutingHandler channelRead\nINFO: Detected non-HTTP/2 connection.\n"}}
[debug] [2021-11-11T17:06:31.514Z] Nov 11, 2021 11:06:31 AM io.gapi.emulators.netty.HttpVersionRoutingHandler channelRead
INFO: Detected non-HTTP/2 connection.
 {"metadata":{"emulator":{"name":"firestore"},"message":"Nov 11, 2021 11:06:31 AM io.gapi.emulators.netty.HttpVersionRoutingHandler channelRead\nINFO: Detected non-HTTP/2 connection.\n"}}
[debug] [2021-11-11T17:06:34.777Z] Nov 11, 2021 11:06:34 AM io.gapi.emulators.netty.HttpVersionRoutingHandler channelRead
INFO: Detected non-HTTP/2 connection.
 {"metadata":{"emulator":{"name":"firestore"},"message":"Nov 11, 2021 11:06:34 AM io.gapi.emulators.netty.HttpVersionRoutingHandler channelRead\nINFO: Detected non-HTTP/2 connection.\n"}}
[debug] [2021-11-11T17:06:34.878Z] Nov 11, 2021 11:06:34 AM io.gapi.emulators.netty.HttpVersionRoutingHandler channelRead
INFO: Detected non-HTTP/2 connection.
 {"metadata":{"emulator":{"name":"firestore"},"message":"Nov 11, 2021 11:06:34 AM io.gapi.emulators.netty.HttpVersionRoutingHandler channelRead\nINFO: Detected non-HTTP/2 connection.\n"}}
[debug] [2021-11-11T17:07:34.912Z] Nov 11, 2021 11:07:34 AM io.gapi.emulators.netty.HttpVersionRoutingHandler channelRead
INFO: Detected non-HTTP/2 connection.
 {"metadata":{"emulator":{"name":"firestore"},"message":"Nov 11, 2021 11:07:34 AM io.gapi.emulators.netty.HttpVersionRoutingHandler channelRead\nINFO: Detected non-HTTP/2 connection.\n"}}
[debug] [2021-11-11T17:07:59.886Z] Nov 11, 2021 11:07:59 AM io.gapi.emulators.netty.HttpVersionRoutingHandler channelRead
INFO: Detected non-HTTP/2 connection.
 {"metadata":{"emulator":{"name":"firestore"},"message":"Nov 11, 2021 11:07:59 AM io.gapi.emulators.netty.HttpVersionRoutingHandler channelRead\nINFO: Detected non-HTTP/2 connection.\n"}}
[debug] [2021-11-11T17:07:59.913Z] Nov 11, 2021 11:07:59 AM com.google.net.webchannel.server.common.CorsFilter populateCustomHeaders
WARNING: Invalid $httpHeaders: X-Goog-Api-Client:gl-js/ fire/9.4.0
Content-Type:text/plain
X-Firebase-GMPID:1:230595623133:web:eb49f4847655c3364cc334

 {"metadata":{"emulator":{"name":"firestore"},"message":"Nov 11, 2021 11:07:59 AM com.google.net.webchannel.server.common.CorsFilter populateCustomHeaders\nWARNING: Invalid $httpHeaders: X-Goog-Api-Client:gl-js/ fire/9.4.0\r\nContent-Type:text/plain\r\nX-Firebase-GMPID:1:230595623133:web:eb49f4847655c3364cc334\r\n\n"}}
[debug] [2021-11-11T17:07:59.954Z] Nov 11, 2021 11:07:59 AM io.gapi.emulators.netty.HttpVersionRoutingHandler channelRead
INFO: Detected non-HTTP/2 connection.
 {"metadata":{"emulator":{"name":"firestore"},"message":"Nov 11, 2021 11:07:59 AM io.gapi.emulators.netty.HttpVersionRoutingHandler channelRead\nINFO: Detected non-HTTP/2 connection.\n"}}
[debug] [2021-11-11T17:07:59.977Z] Nov 11, 2021 11:07:59 AM io.gapi.emulators.netty.HttpVersionRoutingHandler channelRead
INFO: Detected non-HTTP/2 connection.
 {"metadata":{"emulator":{"name":"firestore"},"message":"Nov 11, 2021 11:07:59 AM io.gapi.emulators.netty.HttpVersionRoutingHandler channelRead\nINFO: Detected non-HTTP/2 connection.\n"}}
[debug] [2021-11-11T17:08:17.283Z] Nov 11, 2021 11:08:17 AM io.gapi.emulators.netty.HttpVersionRoutingHandler channelRead
INFO: Detected non-HTTP/2 connection.
 {"metadata":{"emulator":{"name":"firestore"},"message":"Nov 11, 2021 11:08:17 AM io.gapi.emulators.netty.HttpVersionRoutingHandler channelRead\nINFO: Detected non-HTTP/2 connection.\n"}}
[debug] [2021-11-11T17:08:17.303Z] Nov 11, 2021 11:08:17 AM com.google.net.webchannel.server.common.CorsFilter populateCustomHeaders
WARNING: Invalid $httpHeaders: X-Goog-Api-Client:gl-js/ fire/9.4.0
Content-Type:text/plain
X-Firebase-GMPID:1:230595623133:web:eb49f4847655c3364cc334

 {"metadata":{"emulator":{"name":"firestore"},"message":"Nov 11, 2021 11:08:17 AM com.google.net.webchannel.server.common.CorsFilter populateCustomHeaders\nWARNING: Invalid $httpHeaders: X-Goog-Api-Client:gl-js/ fire/9.4.0\r\nContent-Type:text/plain\r\nX-Firebase-GMPID:1:230595623133:web:eb49f4847655c3364cc334\r\n\n"}}
[debug] [2021-11-11T17:08:17.338Z] Nov 11, 2021 11:08:17 AM io.gapi.emulators.netty.HttpVersionRoutingHandler channelRead
INFO: Detected non-HTTP/2 connection.
 {"metadata":{"emulator":{"name":"firestore"},"message":"Nov 11, 2021 11:08:17 AM io.gapi.emulators.netty.HttpVersionRoutingHandler channelRead\nINFO: Detected non-HTTP/2 connection.\n"}}
[debug] [2021-11-11T17:08:17.377Z] Nov 11, 2021 11:08:17 AM io.gapi.emulators.netty.HttpVersionRoutingHandler channelRead
INFO: Detected non-HTTP/2 connection.
 {"metadata":{"emulator":{"name":"firestore"},"message":"Nov 11, 2021 11:08:17 AM io.gapi.emulators.netty.HttpVersionRoutingHandler channelRead\nINFO: Detected non-HTTP/2 connection.\n"}}
[debug] [2021-11-11T17:08:34.959Z] Nov 11, 2021 11:08:34 AM io.gapi.emulators.netty.HttpVersionRoutingHandler channelRead
INFO: Detected non-HTTP/2 connection.
 {"metadata":{"emulator":{"name":"firestore"},"message":"Nov 11, 2021 11:08:34 AM io.gapi.emulators.netty.HttpVersionRoutingHandler channelRead\nINFO: Detected non-HTTP/2 connection.\n"}}
[debug] [2021-11-11T17:09:21.952Z] Nov 11, 2021 11:09:21 AM io.gapi.emulators.netty.HttpVersionRoutingHandler channelRead
INFO: Detected non-HTTP/2 connection.
 {"metadata":{"emulator":{"name":"firestore"},"message":"Nov 11, 2021 11:09:21 AM io.gapi.emulators.netty.HttpVersionRoutingHandler channelRead\nINFO: Detected non-HTTP/2 connection.\n"}}
[debug] [2021-11-11T17:09:21.960Z] Nov 11, 2021 11:09:21 AM com.google.net.webchannel.server.common.CorsFilter populateCustomHeaders
WARNING: Invalid $httpHeaders: X-Goog-Api-Client:gl-js/ fire/9.4.0
Content-Type:text/plain
X-Firebase-GMPID:1:230595623133:web:eb49f4847655c3364cc334

 {"metadata":{"emulator":{"name":"firestore"},"message":"Nov 11, 2021 11:09:21 AM com.google.net.webchannel.server.common.CorsFilter populateCustomHeaders\nWARNING: Invalid $httpHeaders: X-Goog-Api-Client:gl-js/ fire/9.4.0\r\nContent-Type:text/plain\r\nX-Firebase-GMPID:1:230595623133:web:eb49f4847655c3364cc334\r\n\n"}}
[debug] [2021-11-11T17:09:21.969Z] Nov 11, 2021 11:09:21 AM io.gapi.emulators.netty.HttpVersionRoutingHandler channelRead
INFO: Detected non-HTTP/2 connection.
 {"metadata":{"emulator":{"name":"firestore"},"message":"Nov 11, 2021 11:09:21 AM io.gapi.emulators.netty.HttpVersionRoutingHandler channelRead\nINFO: Detected non-HTTP/2 connection.\n"}}
[debug] [2021-11-11T17:09:21.986Z] Nov 11, 2021 11:09:21 AM io.gapi.emulators.netty.HttpVersionRoutingHandler channelRead
INFO: Detected non-HTTP/2 connection.
 {"metadata":{"emulator":{"name":"firestore"},"message":"Nov 11, 2021 11:09:21 AM io.gapi.emulators.netty.HttpVersionRoutingHandler channelRead\nINFO: Detected non-HTTP/2 connection.\n"}}
[debug] [2021-11-11T17:09:34.860Z] Nov 11, 2021 11:09:34 AM io.gapi.emulators.netty.HttpVersionRoutingHandler channelRead
INFO: Detected non-HTTP/2 connection.
 {"metadata":{"emulator":{"name":"firestore"},"message":"Nov 11, 2021 11:09:34 AM io.gapi.emulators.netty.HttpVersionRoutingHandler channelRead\nINFO: Detected non-HTTP/2 connection.\n"}}
[debug] [2021-11-11T17:09:34.881Z] Nov 11, 2021 11:09:34 AM com.google.net.webchannel.server.common.CorsFilter populateCustomHeaders
WARNING: Invalid $httpHeaders: X-Goog-Api-Client:gl-js/ fire/9.4.0
Content-Type:text/plain
X-Firebase-GMPID:1:230595623133:web:eb49f4847655c3364cc334

 {"metadata":{"emulator":{"name":"firestore"},"message":"Nov 11, 2021 11:09:34 AM com.google.net.webchannel.server.common.CorsFilter populateCustomHeaders\nWARNING: Invalid $httpHeaders: X-Goog-Api-Client:gl-js/ fire/9.4.0\r\nContent-Type:text/plain\r\nX-Firebase-GMPID:1:230595623133:web:eb49f4847655c3364cc334\r\n\n"}}
[debug] [2021-11-11T17:09:34.909Z] Nov 11, 2021 11:09:34 AM io.gapi.emulators.netty.HttpVersionRoutingHandler channelRead
INFO: Detected non-HTTP/2 connection.
 {"metadata":{"emulator":{"name":"firestore"},"message":"Nov 11, 2021 11:09:34 AM io.gapi.emulators.netty.HttpVersionRoutingHandler channelRead\nINFO: Detected non-HTTP/2 connection.\n"}}
[debug] [2021-11-11T17:09:34.919Z] Nov 11, 2021 11:09:34 AM io.gapi.emulators.netty.HttpVersionRoutingHandler channelRead
INFO: Detected non-HTTP/2 connection.
 {"metadata":{"emulator":{"name":"firestore"},"message":"Nov 11, 2021 11:09:34 AM io.gapi.emulators.netty.HttpVersionRoutingHandler channelRead\nINFO: Detected non-HTTP/2 connection.\n"}}
[debug] [2021-11-11T17:09:34.994Z] Nov 11, 2021 11:09:34 AM io.gapi.emulators.netty.HttpVersionRoutingHandler channelRead
INFO: Detected non-HTTP/2 connection.
 {"metadata":{"emulator":{"name":"firestore"},"message":"Nov 11, 2021 11:09:34 AM io.gapi.emulators.netty.HttpVersionRoutingHandler channelRead\nINFO: Detected non-HTTP/2 connection.\n"}}
[debug] [2021-11-11T17:10:34.993Z] Nov 11, 2021 11:10:34 AM io.gapi.emulators.netty.HttpVersionRoutingHandler channelRead
INFO: Detected non-HTTP/2 connection.
 {"metadata":{"emulator":{"name":"firestore"},"message":"Nov 11, 2021 11:10:34 AM io.gapi.emulators.netty.HttpVersionRoutingHandler channelRead\nINFO: Detected non-HTTP/2 connection.\n"}}
[debug] [2021-11-11T17:10:35.028Z] Nov 11, 2021 11:10:35 AM io.gapi.emulators.netty.HttpVersionRoutingHandler channelRead
INFO: Detected non-HTTP/2 connection.
 {"metadata":{"emulator":{"name":"firestore"},"message":"Nov 11, 2021 11:10:35 AM io.gapi.emulators.netty.HttpVersionRoutingHandler channelRead\nINFO: Detected non-HTTP/2 connection.\n"}}
[debug] [2021-11-11T17:10:36.047Z] Nov 11, 2021 11:10:36 AM io.gapi.emulators.netty.HttpVersionRoutingHandler channelRead
INFO: Detected non-HTTP/2 connection.
 {"metadata":{"emulator":{"name":"firestore"},"message":"Nov 11, 2021 11:10:36 AM io.gapi.emulators.netty.HttpVersionRoutingHandler channelRead\nINFO: Detected non-HTTP/2 connection.\n"}}
[debug] [2021-11-11T17:10:36.072Z] Nov 11, 2021 11:10:36 AM com.google.cloud.datastore.emulator.firestore.webchannel.FirestoreV1WebChannelAdapter$FirestoreWriteHandler onClose
INFO: channel closed
 {"metadata":{"emulator":{"name":"firestore"},"message":"Nov 11, 2021 11:10:36 AM com.google.cloud.datastore.emulator.firestore.webchannel.FirestoreV1WebChannelAdapter$FirestoreWriteHandler onClose\nINFO: channel closed\n"}}
[debug] [2021-11-11T17:11:35.067Z] Nov 11, 2021 11:11:35 AM io.gapi.emulators.netty.HttpVersionRoutingHandler channelRead
INFO: Detected non-HTTP/2 connection.
 {"metadata":{"emulator":{"name":"firestore"},"message":"Nov 11, 2021 11:11:35 AM io.gapi.emulators.netty.HttpVersionRoutingHandler channelRead\nINFO: Detected non-HTTP/2 connection.\n"}}
[debug] [2021-11-11T17:11:42.432Z] Nov 11, 2021 11:11:42 AM io.gapi.emulators.netty.HttpVersionRoutingHandler channelRead
INFO: Detected non-HTTP/2 connection.
 {"metadata":{"emulator":{"name":"firestore"},"message":"Nov 11, 2021 11:11:42 AM io.gapi.emulators.netty.HttpVersionRoutingHandler channelRead\nINFO: Detected non-HTTP/2 connection.\n"}}
[debug] [2021-11-11T17:11:42.440Z] Nov 11, 2021 11:11:42 AM com.google.net.webchannel.server.common.CorsFilter populateCustomHeaders
WARNING: Invalid $httpHeaders: X-Goog-Api-Client:gl-js/ fire/9.4.0
Content-Type:text/plain
X-Firebase-GMPID:1:230595623133:web:eb49f4847655c3364cc334

 {"metadata":{"emulator":{"name":"firestore"},"message":"Nov 11, 2021 11:11:42 AM com.google.net.webchannel.server.common.CorsFilter populateCustomHeaders\nWARNING: Invalid $httpHeaders: X-Goog-Api-Client:gl-js/ fire/9.4.0\r\nContent-Type:text/plain\r\nX-Firebase-GMPID:1:230595623133:web:eb49f4847655c3364cc334\r\n\n"}}
[debug] [2021-11-11T17:11:42.459Z] Nov 11, 2021 11:11:42 AM io.gapi.emulators.netty.HttpVersionRoutingHandler channelRead
INFO: Detected non-HTTP/2 connection.
 {"metadata":{"emulator":{"name":"firestore"},"message":"Nov 11, 2021 11:11:42 AM io.gapi.emulators.netty.HttpVersionRoutingHandler channelRead\nINFO: Detected non-HTTP/2 connection.\n"}}
[debug] [2021-11-11T17:11:42.480Z] Nov 11, 2021 11:11:42 AM io.gapi.emulators.netty.HttpVersionRoutingHandler channelRead
INFO: Detected non-HTTP/2 connection.
 {"metadata":{"emulator":{"name":"firestore"},"message":"Nov 11, 2021 11:11:42 AM io.gapi.emulators.netty.HttpVersionRoutingHandler channelRead\nINFO: Detected non-HTTP/2 connection.\n"}}
[debug] [2021-11-11T17:12:35.121Z] Nov 11, 2021 11:12:35 AM io.gapi.emulators.netty.HttpVersionRoutingHandler channelRead
INFO: Detected non-HTTP/2 connection.
 {"metadata":{"emulator":{"name":"firestore"},"message":"Nov 11, 2021 11:12:35 AM io.gapi.emulators.netty.HttpVersionRoutingHandler channelRead\nINFO: Detected non-HTTP/2 connection.\n"}}
[debug] [2021-11-11T17:13:35.204Z] Nov 11, 2021 11:13:35 AM io.gapi.emulators.netty.HttpVersionRoutingHandler channelRead
INFO: Detected non-HTTP/2 connection.
 {"metadata":{"emulator":{"name":"firestore"},"message":"Nov 11, 2021 11:13:35 AM io.gapi.emulators.netty.HttpVersionRoutingHandler channelRead\nINFO: Detected non-HTTP/2 connection.\n"}}
[debug] [2021-11-11T17:14:35.250Z] Nov 11, 2021 11:14:35 AM io.gapi.emulators.netty.HttpVersionRoutingHandler channelRead
INFO: Detected non-HTTP/2 connection.
 {"metadata":{"emulator":{"name":"firestore"},"message":"Nov 11, 2021 11:14:35 AM io.gapi.emulators.netty.HttpVersionRoutingHandler channelRead\nINFO: Detected non-HTTP/2 connection.\n"}}
[debug] [2021-11-11T17:15:35.280Z] Nov 11, 2021 11:15:35 AM io.gapi.emulators.netty.HttpVersionRoutingHandler channelRead
INFO: Detected non-HTTP/2 connection.
 {"metadata":{"emulator":{"name":"firestore"},"message":"Nov 11, 2021 11:15:35 AM io.gapi.emulators.netty.HttpVersionRoutingHandler channelRead\nINFO: Detected non-HTTP/2 connection.\n"}}
[debug] [2021-11-11T17:16:35.300Z] Nov 11, 2021 11:16:35 AM io.gapi.emulators.netty.HttpVersionRoutingHandler channelRead
INFO: Detected non-HTTP/2 connection.
 {"metadata":{"emulator":{"name":"firestore"},"message":"Nov 11, 2021 11:16:35 AM io.gapi.emulators.netty.HttpVersionRoutingHandler channelRead\nINFO: Detected non-HTTP/2 connection.\n"}}
[debug] [2021-11-11T17:18:13.432Z] Nov 11, 2021 11:18:13 AM io.gapi.emulators.netty.HttpVersionRoutingHandler channelRead
INFO: Detected non-HTTP/2 connection.
 {"metadata":{"emulator":{"name":"firestore"},"message":"Nov 11, 2021 11:18:13 AM io.gapi.emulators.netty.HttpVersionRoutingHandler channelRead\nINFO: Detected non-HTTP/2 connection.\n"}}
[debug] [2021-11-11T17:19:13.462Z] Nov 11, 2021 11:19:13 AM io.gapi.emulators.netty.HttpVersionRoutingHandler channelRead
INFO: Detected non-HTTP/2 connection.
 {"metadata":{"emulator":{"name":"firestore"},"message":"Nov 11, 2021 11:19:13 AM io.gapi.emulators.netty.HttpVersionRoutingHandler channelRead\nINFO: Detected non-HTTP/2 connection.\n"}}
[debug] [2021-11-11T17:20:13.490Z] Nov 11, 2021 11:20:13 AM io.gapi.emulators.netty.HttpVersionRoutingHandler channelRead
INFO: Detected non-HTTP/2 connection.
 {"metadata":{"emulator":{"name":"firestore"},"message":"Nov 11, 2021 11:20:13 AM io.gapi.emulators.netty.HttpVersionRoutingHandler channelRead\nINFO: Detected non-HTTP/2 connection.\n"}}
[debug] [2021-11-11T17:21:13.605Z] Nov 11, 2021 11:21:13 AM io.gapi.emulators.netty.HttpVersionRoutingHandler channelRead
INFO: Detected non-HTTP/2 connection.
 {"metadata":{"emulator":{"name":"firestore"},"message":"Nov 11, 2021 11:21:13 AM io.gapi.emulators.netty.HttpVersionRoutingHandler channelRead\nINFO: Detected non-HTTP/2 connection.\n"}}
[debug] [2021-11-11T17:22:13.644Z] Nov 11, 2021 11:22:13 AM io.gapi.emulators.netty.HttpVersionRoutingHandler channelRead
INFO: Detected non-HTTP/2 connection.
 {"metadata":{"emulator":{"name":"firestore"},"message":"Nov 11, 2021 11:22:13 AM io.gapi.emulators.netty.HttpVersionRoutingHandler channelRead\nINFO: Detected non-HTTP/2 connection.\n"}}
[debug] [2021-11-11T17:23:13.686Z] Nov 11, 2021 11:23:13 AM io.gapi.emulators.netty.HttpVersionRoutingHandler channelRead
INFO: Detected non-HTTP/2 connection.
 {"metadata":{"emulator":{"name":"firestore"},"message":"Nov 11, 2021 11:23:13 AM io.gapi.emulators.netty.HttpVersionRoutingHandler channelRead\nINFO: Detected non-HTTP/2 connection.\n"}}
[debug] [2021-11-11T17:24:13.723Z] Nov 11, 2021 11:24:13 AM io.gapi.emulators.netty.HttpVersionRoutingHandler channelRead
INFO: Detected non-HTTP/2 connection.
 {"metadata":{"emulator":{"name":"firestore"},"message":"Nov 11, 2021 11:24:13 AM io.gapi.emulators.netty.HttpVersionRoutingHandler channelRead\nINFO: Detected non-HTTP/2 connection.\n"}}
[debug] [2021-11-11T17:25:13.766Z] Nov 11, 2021 11:25:13 AM io.gapi.emulators.netty.HttpVersionRoutingHandler channelRead
INFO: Detected non-HTTP/2 connection.
 {"metadata":{"emulator":{"name":"firestore"},"message":"Nov 11, 2021 11:25:13 AM io.gapi.emulators.netty.HttpVersionRoutingHandler channelRead\nINFO: Detected non-HTTP/2 connection.\n"}}
[debug] [2021-11-11T17:26:13.792Z] Nov 11, 2021 11:26:13 AM io.gapi.emulators.netty.HttpVersionRoutingHandler channelRead
INFO: Detected non-HTTP/2 connection.
 {"metadata":{"emulator":{"name":"firestore"},"message":"Nov 11, 2021 11:26:13 AM io.gapi.emulators.netty.HttpVersionRoutingHandler channelRead\nINFO: Detected non-HTTP/2 connection.\n"}}
[debug] [2021-11-11T17:27:13.819Z] Nov 11, 2021 11:27:13 AM io.gapi.emulators.netty.HttpVersionRoutingHandler channelRead
INFO: Detected non-HTTP/2 connection.
 {"metadata":{"emulator":{"name":"firestore"},"message":"Nov 11, 2021 11:27:13 AM io.gapi.emulators.netty.HttpVersionRoutingHandler channelRead\nINFO: Detected non-HTTP/2 connection.\n"}}
